Hmm ... looks like a package
Converting parsed Rd's to LaTeX .
Creating pdf output from LaTeX ...

This is pdfTeX, Version 3.141592653-2.6-1.40.25 (TeX Live 2023) (preloaded format=pdflatex)
 restricted \write18 enabled.
entering extended mode
LaTeX2e <2023-11-01>
L3 programming layer <2024-01-04>
(./Rd2.tex
(/Users/achazhardenberg/Library/TinyTeX/texmf-dist/tex/latex/base/book.cls
Document Class: book 2023/05/17 v1.4n Standard LaTeX document class
(/Users/achazhardenberg/Library/TinyTeX/texmf-dist/tex/latex/base/bk10.clo)) (/Library/Frameworks/R.framework/Resources/share/texmf/tex/latex/Rd.sty (/Users/achazhardenberg/Library/TinyTeX/texmf-dist/tex/latex/base/ifthen.sty) (/Users/achazhardenberg/Library/TinyTeX/texmf-dist/tex/generic/iftex/iftex.sty) (/Users/achazhardenberg/Library/TinyTeX/texmf-dist/tex/latex/tools/longtable.sty) (/Users/achazhardenberg/Library/TinyTeX/texmf-dist/tex/latex/tools/bm.sty) (/Users/achazhardenberg/Library/TinyTeX/texmf-dist/tex/latex/base/alltt.sty) (/Users/achazhardenberg/Library/TinyTeX/texmf-dist/tex/latex/tools/verbatim.sty) (/Users/achazhardenberg/Library/TinyTeX/texmf-dist/tex/latex/url/url.sty) (/Users/achazhardenberg/Library/TinyTeX/texmf-dist/tex/latex/base/textcomp.sty) (/Users/achazhardenberg/Library/TinyTeX/texmf-dist/tex/latex/amsmath/amsmath.sty
For additional information on amsmath, use the `?' option.
(/Users/achazhardenberg/Library/TinyTeX/texmf-dist/tex/latex/amsmath/amstext.sty (/Users/achazhardenberg/Library/TinyTeX/texmf-dist/tex/latex/amsmath/amsgen.sty)) (/Users/achazhardenberg/Library/TinyTeX/texmf-dist/tex/latex/amsmath/amsbsy.sty) (/Users/achazhardenberg/Library/TinyTeX/texmf-dist/tex/latex/amsmath/amsopn.sty)) (/Users/achazhardenberg/Library/TinyTeX/texmf-dist/tex/latex/amsfonts/amsfonts.sty) (/Users/achazhardenberg/Library/TinyTeX/texmf-dist/tex/latex/amsfonts/amssymb.sty) (/Users/achazhardenberg/Library/TinyTeX/texmf-dist/tex/latex/amsfonts/eucal.sty) (/Users/achazhardenberg/Library/TinyTeX/texmf-dist/tex/latex/base/fontenc.sty) (/Users/achazhardenberg/Library/TinyTeX/texmf-dist/tex/latex/psnfss/times.sty) (/Users/achazhardenberg/Library/TinyTeX/texmf-dist/tex/latex/inconsolata/zi4.sty `inconsolata-zi4' v1.12, 2019/05/17 Text macros for Inconsolata (msharpe) (/Users/achazhardenberg/Library/TinyTeX/texmf-dist/tex/latex/xkeyval/xkeyval.sty (/Users/achazhardenberg/Library/TinyTeX/texmf-dist/tex/generic/xkeyval/xkeyval.tex (/Users/achazhardenberg/Library/TinyTeX/texmf-dist/tex/generic/xkeyval/xkvutils.tex (/Users/achazhardenberg/Library/TinyTeX/texmf-dist/tex/generic/xkeyval/keyval.tex))))) (/Users/achazhardenberg/Library/TinyTeX/texmf-dist/tex/latex/graphics/color.sty (/Users/achazhardenberg/Library/TinyTeX/texmf-dist/tex/latex/graphics-cfg/color.cfg) (/Users/achazhardenberg/Library/TinyTeX/texmf-dist/tex/latex/graphics-def/pdftex.def) (/Users/achazhardenberg/Library/TinyTeX/texmf-dist/tex/latex/graphics/mathcolor.ltx)) (/Users/achazhardenberg/Library/TinyTeX/texmf-dist/tex/latex/hyperref/hyperref.sty (/Users/achazhardenberg/Library/TinyTeX/texmf-dist/tex/generic/infwarerr/infwarerr.sty) (/Users/achazhardenberg/Library/TinyTeX/texmf-dist/tex/latex/kvsetkeys/kvsetkeys.sty) (/Users/achazhardenberg/Library/TinyTeX/texmf-dist/tex/generic/kvdefinekeys/kvdefinekeys.sty) (/Users/achazhardenberg/Library/TinyTeX/texmf-dist/tex/generic/pdfescape/pdfescape.sty (/Users/achazhardenberg/Library/TinyTeX/texmf-dist/tex/generic/ltxcmds/ltxcmds.sty) (/Users/achazhardenberg/Library/TinyTeX/texmf-dist/tex/generic/pdftexcmds/pdftexcmds.sty)) (/Users/achazhardenberg/Library/TinyTeX/texmf-dist/tex/latex/hycolor/hycolor.sty) (/Users/achazhardenberg/Library/TinyTeX/texmf-dist/tex/latex/letltxmacro/letltxmacro.sty) (/Users/achazhardenberg/Library/TinyTeX/texmf-dist/tex/latex/auxhook/auxhook.sty) (/Users/achazhardenberg/Library/TinyTeX/texmf-dist/tex/latex/hyperref/nameref.sty (/Users/achazhardenberg/Library/TinyTeX/texmf-dist/tex/latex/refcount/refcount.sty) (/Users/achazhardenberg/Library/TinyTeX/texmf-dist/tex/generic/gettitlestring/gettitlestring.sty (/Users/achazhardenberg/Library/TinyTeX/texmf-dist/tex/latex/kvoptions/kvoptions.sty))) (/Users/achazhardenberg/Library/TinyTeX/texmf-dist/tex/latex/etoolbox/etoolbox.sty) (/Users/achazhardenberg/Library/TinyTeX/texmf-dist/tex/latex/hyperref/pd1enc.def) (/Users/achazhardenberg/Library/TinyTeX/texmf-dist/tex/generic/intcalc/intcalc.sty) (/Users/achazhardenberg/Library/TinyTeX/texmf-dist/tex/latex/hyperref/puenc.def) (/Users/achazhardenberg/Library/TinyTeX/texmf-dist/tex/generic/bitset/bitset.sty (/Users/achazhardenberg/Library/TinyTeX/texmf-dist/tex/generic/bigintcalc/bigintcalc.sty)) (/Users/achazhardenberg/Library/TinyTeX/texmf-dist/tex/latex/base/atbegshi-ltx.sty)) (/Users/achazhardenberg/Library/TinyTeX/texmf-dist/tex/latex/hyperref/hpdftex.def (/Users/achazhardenberg/Library/TinyTeX/texmf-dist/tex/latex/base/atveryend-ltx.sty) (/Users/achazhardenberg/Library/TinyTeX/texmf-dist/tex/latex/rerunfilecheck/rerunfilecheck.sty (/Users/achazhardenberg/Library/TinyTeX/texmf-dist/tex/generic/uniquecounter/uniquecounter.sty)))) (/Users/achazhardenberg/Library/TinyTeX/texmf-dist/tex/latex/base/makeidx.sty)
Writing index file Rd2.idx
(/Users/achazhardenberg/Library/TinyTeX/texmf-dist/tex/latex/psnfss/t1ptm.fd) (/Users/achazhardenberg/Library/TinyTeX/texmf-dist/tex/latex/l3backend/l3backend-pdftex.def)
No file Rd2.aux.
(/Users/achazhardenberg/Library/TinyTeX/texmf-dist/tex/latex/inconsolata/t1zi4.fd)
No file Rd2.toc.
(/Users/achazhardenberg/Library/TinyTeX/texmf-dist/tex/latex/amsfonts/umsa.fd) (/Users/achazhardenberg/Library/TinyTeX/texmf-dist/tex/latex/amsfonts/umsb.fd) [1{/Users/achazhardenberg/Library/TinyTeX/texmf-var/fonts/map/pdftex/updmap/pdftex.map}{/Users/achazhardenberg/Library/TinyTeX/texmf-dist/fonts/enc/dvips/base/8r.enc}{/Users/achazhardenberg/Library/TinyTeX/texmf-dist/fonts/enc/dvips/inconsolata/i4-t1-0.enc}] [2]
Overfull \hbox (0.15784pt too wide) in paragraph at lines 127--129
[]\T1/ptm/m/n/10 For com-par-ing fit-ted mod-els: in-di-vid-ual fit-ted model ob-jects of class []\T1/zi4/m/n/10 "phybase"[]\T1/ptm/m/n/10 .

Overfull \hbox (3.70885pt too wide) in paragraph at lines 127--129
\T1/ptm/m/n/10 For run-ning mod-els: ad-di-tional ar-gu-ments passed to [][][]\T1/zi4/m/n/10 phybase_run[][][] []\T1/ptm/m/n/10 (e.g., []\T1/zi4/m/n/10 n.iter[]\T1/ptm/m/n/10 ). 

Overfull \hbox (17.6195pt too wide) in paragraph at lines 146--149
[]\T1/ptm/b/n/10 Mode 1: Com-pare Fit-ted Mod-els \T1/ptm/m/n/10 Call []\T1/zi4/m/n/10 phybase_compare(fit1, fit2) []\T1/ptm/m/n/10 or []\T1/zi4/m/n/10 phybase_compare(models
[3] (/Users/achazhardenberg/Library/TinyTeX/texmf-dist/tex/latex/psnfss/ts1ptm.fd) [4]
Overfull \hbox (4.66795pt too wide) in paragraph at lines 263--265
[]\T1/ptm/m/n/10 Converts data from long for-mat (one row per ob-ser-va-tion) to the list for-mat re-quired by [][][]\T1/zi4/m/n/10 phybase_run[][][][]\T1/ptm/m/n/10 . 
[5] [6] [7] [8] [9] [10]
Overfull \hbox (0.12811pt too wide) in paragraph at lines 618--619
[]\T1/zi4/m/n/10 "multiPhylo" []\T1/ptm/m/n/10 ob-ject: List of trees (in-cor-po-rates phy-lo-ge-netic un-cer-tainty). 

Overfull \hbox (3.9697pt too wide) in paragraph at lines 671--672
[]\T1/ptm/m/n/10 Custom columns: []\T1/zi4/m/n/10 list(X = list(type = "se", se_col = "X_SD")) []\T1/ptm/m/n/10 - spec-
[11] [12]
Overfull \hbox (13.99997pt too wide) in paragraph at lines 788--790
[]\T1/ptm/b/n/10 lpd \T1/ptm/m/n/10 (log point-wise pre-dic-tive den-sity): For each ob-ser-va-tion $\OML/cmm/m/it/10 i$\T1/ptm/m/n/10 , com-pute $[]\OT1/cmr/m/n/10 ([]([]([][])))$
[13] [14] [15] (/Users/achazhardenberg/Library/TinyTeX/texmf-dist/tex/latex/inconsolata/ts1zi4.fd)
No file Rd2.ind.
[16{/Users/achazhardenberg/Library/TinyTeX/texmf-dist/fonts/enc/dvips/inconsolata/i4-ts1.enc}] (/private/var/folders/03/4zxc9frn11n7g8tr_95jg0p00000gn/T/RtmprtNd6i/Rd2pdfe34f3c21543e/Rd2.aux)

Package rerunfilecheck Warning: File `Rd2.out' has changed.
(rerunfilecheck)                Rerun to get outlines right
(rerunfilecheck)                or use package `bookmark'.

 )
(see the transcript file for additional information)
pdfTeX warning (dest): name{Rfn.summary.mcmc} has been referenced but does not exist, replaced by a fixed one

</Users/achazhardenberg/Library/TinyTeX/texmf-dist/fonts/type1/public/inconsolata/Inconsolata-zi4r.pfb></Users/achazhardenberg/Library/TinyTeX/texmf-dist/fonts/type1/public/amsfonts/cm/cmex10.pfb></Users/achazhardenberg/Library/TinyTeX/texmf-dist/fonts/type1/public/amsfonts/cm/cmmi10.pfb></Users/achazhardenberg/Library/TinyTeX/texmf-dist/fonts/type1/public/amsfonts/cm/cmmi7.pfb></Users/achazhardenberg/Library/TinyTeX/texmf-dist/fonts/type1/public/amsfonts/cm/cmr10.pfb></Users/achazhardenberg/Library/TinyTeX/texmf-dist/fonts/type1/public/amsfonts/cm/cmr7.pfb></Users/achazhardenberg/Library/TinyTeX/texmf-dist/fonts/type1/public/amsfonts/cm/cmsy10.pfb></Users/achazhardenberg/Library/TinyTeX/texmf-dist/fonts/type1/urw/times/utmb8a.pfb></Users/achazhardenberg/Library/TinyTeX/texmf-dist/fonts/type1/urw/times/utmr8a.pfb></Users/achazhardenberg/Library/TinyTeX/texmf-dist/fonts/type1/urw/times/utmr8a.pfb></Users/achazhardenberg/Library/TinyTeX/texmf-dist/fonts/type1/urw/times/utmri8a.pfb>
Output written on Rd2.pdf (16 pages, 174059 bytes).
Transcript written on Rd2.log.
This is makeindex, version 2.17 [TeX Live 2023] (kpathsea + Thai support).
Scanning input file Rd2.idx....done (24 entries accepted, 0 rejected).
Sorting entries....done (110 comparisons).
Generating output file Rd2.ind....done (43 lines written, 0 warnings).
Output written in Rd2.ind.
Transcript written in Rd2.ilg.
This is pdfTeX, Version 3.141592653-2.6-1.40.25 (TeX Live 2023) (preloaded format=pdflatex)
 restricted \write18 enabled.
entering extended mode
LaTeX2e <2023-11-01>
L3 programming layer <2024-01-04>
(./Rd2.tex
(/Users/achazhardenberg/Library/TinyTeX/texmf-dist/tex/latex/base/book.cls
Document Class: book 2023/05/17 v1.4n Standard LaTeX document class
(/Users/achazhardenberg/Library/TinyTeX/texmf-dist/tex/latex/base/bk10.clo)) (/Library/Frameworks/R.framework/Resources/share/texmf/tex/latex/Rd.sty (/Users/achazhardenberg/Library/TinyTeX/texmf-dist/tex/latex/base/ifthen.sty) (/Users/achazhardenberg/Library/TinyTeX/texmf-dist/tex/generic/iftex/iftex.sty) (/Users/achazhardenberg/Library/TinyTeX/texmf-dist/tex/latex/tools/longtable.sty) (/Users/achazhardenberg/Library/TinyTeX/texmf-dist/tex/latex/tools/bm.sty) (/Users/achazhardenberg/Library/TinyTeX/texmf-dist/tex/latex/base/alltt.sty) (/Users/achazhardenberg/Library/TinyTeX/texmf-dist/tex/latex/tools/verbatim.sty) (/Users/achazhardenberg/Library/TinyTeX/texmf-dist/tex/latex/url/url.sty) (/Users/achazhardenberg/Library/TinyTeX/texmf-dist/tex/latex/base/textcomp.sty) (/Users/achazhardenberg/Library/TinyTeX/texmf-dist/tex/latex/amsmath/amsmath.sty
For additional information on amsmath, use the `?' option.
(/Users/achazhardenberg/Library/TinyTeX/texmf-dist/tex/latex/amsmath/amstext.sty (/Users/achazhardenberg/Library/TinyTeX/texmf-dist/tex/latex/amsmath/amsgen.sty)) (/Users/achazhardenberg/Library/TinyTeX/texmf-dist/tex/latex/amsmath/amsbsy.sty) (/Users/achazhardenberg/Library/TinyTeX/texmf-dist/tex/latex/amsmath/amsopn.sty)) (/Users/achazhardenberg/Library/TinyTeX/texmf-dist/tex/latex/amsfonts/amsfonts.sty) (/Users/achazhardenberg/Library/TinyTeX/texmf-dist/tex/latex/amsfonts/amssymb.sty) (/Users/achazhardenberg/Library/TinyTeX/texmf-dist/tex/latex/amsfonts/eucal.sty) (/Users/achazhardenberg/Library/TinyTeX/texmf-dist/tex/latex/base/fontenc.sty) (/Users/achazhardenberg/Library/TinyTeX/texmf-dist/tex/latex/psnfss/times.sty) (/Users/achazhardenberg/Library/TinyTeX/texmf-dist/tex/latex/inconsolata/zi4.sty `inconsolata-zi4' v1.12, 2019/05/17 Text macros for Inconsolata (msharpe) (/Users/achazhardenberg/Library/TinyTeX/texmf-dist/tex/latex/xkeyval/xkeyval.sty (/Users/achazhardenberg/Library/TinyTeX/texmf-dist/tex/generic/xkeyval/xkeyval.tex (/Users/achazhardenberg/Library/TinyTeX/texmf-dist/tex/generic/xkeyval/xkvutils.tex (/Users/achazhardenberg/Library/TinyTeX/texmf-dist/tex/generic/xkeyval/keyval.tex))))) (/Users/achazhardenberg/Library/TinyTeX/texmf-dist/tex/latex/graphics/color.sty (/Users/achazhardenberg/Library/TinyTeX/texmf-dist/tex/latex/graphics-cfg/color.cfg) (/Users/achazhardenberg/Library/TinyTeX/texmf-dist/tex/latex/graphics-def/pdftex.def) (/Users/achazhardenberg/Library/TinyTeX/texmf-dist/tex/latex/graphics/mathcolor.ltx)) (/Users/achazhardenberg/Library/TinyTeX/texmf-dist/tex/latex/hyperref/hyperref.sty (/Users/achazhardenberg/Library/TinyTeX/texmf-dist/tex/generic/infwarerr/infwarerr.sty) (/Users/achazhardenberg/Library/TinyTeX/texmf-dist/tex/latex/kvsetkeys/kvsetkeys.sty) (/Users/achazhardenberg/Library/TinyTeX/texmf-dist/tex/generic/kvdefinekeys/kvdefinekeys.sty) (/Users/achazhardenberg/Library/TinyTeX/texmf-dist/tex/generic/pdfescape/pdfescape.sty (/Users/achazhardenberg/Library/TinyTeX/texmf-dist/tex/generic/ltxcmds/ltxcmds.sty) (/Users/achazhardenberg/Library/TinyTeX/texmf-dist/tex/generic/pdftexcmds/pdftexcmds.sty)) (/Users/achazhardenberg/Library/TinyTeX/texmf-dist/tex/latex/hycolor/hycolor.sty) (/Users/achazhardenberg/Library/TinyTeX/texmf-dist/tex/latex/letltxmacro/letltxmacro.sty) (/Users/achazhardenberg/Library/TinyTeX/texmf-dist/tex/latex/auxhook/auxhook.sty) (/Users/achazhardenberg/Library/TinyTeX/texmf-dist/tex/latex/hyperref/nameref.sty (/Users/achazhardenberg/Library/TinyTeX/texmf-dist/tex/latex/refcount/refcount.sty) (/Users/achazhardenberg/Library/TinyTeX/texmf-dist/tex/generic/gettitlestring/gettitlestring.sty (/Users/achazhardenberg/Library/TinyTeX/texmf-dist/tex/latex/kvoptions/kvoptions.sty))) (/Users/achazhardenberg/Library/TinyTeX/texmf-dist/tex/latex/etoolbox/etoolbox.sty) (/Users/achazhardenberg/Library/TinyTeX/texmf-dist/tex/latex/hyperref/pd1enc.def) (/Users/achazhardenberg/Library/TinyTeX/texmf-dist/tex/generic/intcalc/intcalc.sty) (/Users/achazhardenberg/Library/TinyTeX/texmf-dist/tex/latex/hyperref/puenc.def) (/Users/achazhardenberg/Library/TinyTeX/texmf-dist/tex/generic/bitset/bitset.sty (/Users/achazhardenberg/Library/TinyTeX/texmf-dist/tex/generic/bigintcalc/bigintcalc.sty)) (/Users/achazhardenberg/Library/TinyTeX/texmf-dist/tex/latex/base/atbegshi-ltx.sty)) (/Users/achazhardenberg/Library/TinyTeX/texmf-dist/tex/latex/hyperref/hpdftex.def (/Users/achazhardenberg/Library/TinyTeX/texmf-dist/tex/latex/base/atveryend-ltx.sty) (/Users/achazhardenberg/Library/TinyTeX/texmf-dist/tex/latex/rerunfilecheck/rerunfilecheck.sty (/Users/achazhardenberg/Library/TinyTeX/texmf-dist/tex/generic/uniquecounter/uniquecounter.sty)))) (/Users/achazhardenberg/Library/TinyTeX/texmf-dist/tex/latex/base/makeidx.sty)
Writing index file Rd2.idx
(/Users/achazhardenberg/Library/TinyTeX/texmf-dist/tex/latex/psnfss/t1ptm.fd) (/Users/achazhardenberg/Library/TinyTeX/texmf-dist/tex/latex/l3backend/l3backend-pdftex.def) (/private/var/folders/03/4zxc9frn11n7g8tr_95jg0p00000gn/T/RtmprtNd6i/Rd2pdfe34f3c21543e/Rd2.aux) (/private/var/folders/03/4zxc9frn11n7g8tr_95jg0p00000gn/T/RtmprtNd6i/Rd2pdfe34f3c21543e/Rd2.out) (/private/var/folders/03/4zxc9frn11n7g8tr_95jg0p00000gn/T/RtmprtNd6i/Rd2pdfe34f3c21543e/Rd2.out) (/Users/achazhardenberg/Library/TinyTeX/texmf-dist/tex/latex/inconsolata/t1zi4.fd) (/private/var/folders/03/4zxc9frn11n7g8tr_95jg0p00000gn/T/RtmprtNd6i/Rd2pdfe34f3c21543e/Rd2.toc (/Users/achazhardenberg/Library/TinyTeX/texmf-dist/tex/latex/amsfonts/umsa.fd) (/Users/achazhardenberg/Library/TinyTeX/texmf-dist/tex/latex/amsfonts/umsb.fd)) [1{/Users/achazhardenberg/Library/TinyTeX/texmf-var/fonts/map/pdftex/updmap/pdftex.map}{/Users/achazhardenberg/Library/TinyTeX/texmf-dist/fonts/enc/dvips/base/8r.enc}{/Users/achazhardenberg/Library/TinyTeX/texmf-dist/fonts/enc/dvips/inconsolata/i4-t1-0.enc}] [2]
Overfull \hbox (0.15784pt too wide) in paragraph at lines 127--129
[]\T1/ptm/m/n/10 For com-par-ing fit-ted mod-els: in-di-vid-ual fit-ted model ob-jects of class []\T1/zi4/m/n/10 "phybase"[]\T1/ptm/m/n/10 .

Overfull \hbox (3.70885pt too wide) in paragraph at lines 127--129
\T1/ptm/m/n/10 For run-ning mod-els: ad-di-tional ar-gu-ments passed to [][][]\T1/zi4/m/n/10 phybase_run[][][] []\T1/ptm/m/n/10 (e.g., []\T1/zi4/m/n/10 n.iter[]\T1/ptm/m/n/10 ). 
[3]
Overfull \hbox (17.6195pt too wide) in paragraph at lines 146--149
[]\T1/ptm/b/n/10 Mode 1: Com-pare Fit-ted Mod-els \T1/ptm/m/n/10 Call []\T1/zi4/m/n/10 phybase_compare(fit1, fit2) []\T1/ptm/m/n/10 or []\T1/zi4/m/n/10 phybase_compare(models
[4] (/Users/achazhardenberg/Library/TinyTeX/texmf-dist/tex/latex/psnfss/ts1ptm.fd)
Overfull \hbox (4.66795pt too wide) in paragraph at lines 263--265
[]\T1/ptm/m/n/10 Converts data from long for-mat (one row per ob-ser-va-tion) to the list for-mat re-quired by [][][]\T1/zi4/m/n/10 phybase_run[][][][]\T1/ptm/m/n/10 . 
[5] [6] [7] [8] [9] [10] [11]
Overfull \hbox (0.12811pt too wide) in paragraph at lines 618--619
[]\T1/zi4/m/n/10 "multiPhylo" []\T1/ptm/m/n/10 ob-ject: List of trees (in-cor-po-rates phy-lo-ge-netic un-cer-tainty). 

Overfull \hbox (3.9697pt too wide) in paragraph at lines 671--672
[]\T1/ptm/m/n/10 Custom columns: []\T1/zi4/m/n/10 list(X = list(type = "se", se_col = "X_SD")) []\T1/ptm/m/n/10 - spec-
[12] [13]
Overfull \hbox (13.99997pt too wide) in paragraph at lines 788--790
[]\T1/ptm/b/n/10 lpd \T1/ptm/m/n/10 (log point-wise pre-dic-tive den-sity): For each ob-ser-va-tion $\OML/cmm/m/it/10 i$\T1/ptm/m/n/10 , com-pute $[]\OT1/cmr/m/n/10 ([]([]([][])))$
[14] [15] [16] (/Users/achazhardenberg/Library/TinyTeX/texmf-dist/tex/latex/inconsolata/ts1zi4.fd) (/private/var/folders/03/4zxc9frn11n7g8tr_95jg0p00000gn/T/RtmprtNd6i/Rd2pdfe34f3c21543e/Rd2.ind [17{/Users/achazhardenberg/Library/TinyTeX/texmf-dist/fonts/enc/dvips/inconsolata/i4-ts1.enc}] [18]) (/private/var/folders/03/4zxc9frn11n7g8tr_95jg0p00000gn/T/RtmprtNd6i/Rd2pdfe34f3c21543e/Rd2.aux)

Package rerunfilecheck Warning: File `Rd2.out' has changed.
(rerunfilecheck)                Rerun to get outlines right
(rerunfilecheck)                or use package `bookmark'.

 )
(see the transcript file for additional information)
pdfTeX warning (dest): name{Rfn.summary.mcmc} has been referenced but does not exist, replaced by a fixed one

</Users/achazhardenberg/Library/TinyTeX/texmf-dist/fonts/type1/public/inconsolata/Inconsolata-zi4r.pfb></Users/achazhardenberg/Library/TinyTeX/texmf-dist/fonts/type1/public/amsfonts/cm/cmex10.pfb></Users/achazhardenberg/Library/TinyTeX/texmf-dist/fonts/type1/public/amsfonts/cm/cmmi10.pfb></Users/achazhardenberg/Library/TinyTeX/texmf-dist/fonts/type1/public/amsfonts/cm/cmmi7.pfb></Users/achazhardenberg/Library/TinyTeX/texmf-dist/fonts/type1/public/amsfonts/cm/cmr10.pfb></Users/achazhardenberg/Library/TinyTeX/texmf-dist/fonts/type1/public/amsfonts/cm/cmr7.pfb></Users/achazhardenberg/Library/TinyTeX/texmf-dist/fonts/type1/public/amsfonts/cm/cmsy10.pfb></Users/achazhardenberg/Library/TinyTeX/texmf-dist/fonts/type1/urw/times/utmb8a.pfb></Users/achazhardenberg/Library/TinyTeX/texmf-dist/fonts/type1/urw/times/utmr8a.pfb></Users/achazhardenberg/Library/TinyTeX/texmf-dist/fonts/type1/urw/times/utmr8a.pfb></Users/achazhardenberg/Library/TinyTeX/texmf-dist/fonts/type1/urw/times/utmri8a.pfb>
Output written on Rd2.pdf (18 pages, 178988 bytes).
Transcript written on Rd2.log.
This is makeindex, version 2.17 [TeX Live 2023] (kpathsea + Thai support).
Scanning input file Rd2.idx....done (24 entries accepted, 0 rejected).
Sorting entries....done (110 comparisons).
Generating output file Rd2.ind....done (43 lines written, 0 warnings).
Output written in Rd2.ind.
Transcript written in Rd2.ilg.
This is pdfTeX, Version 3.141592653-2.6-1.40.25 (TeX Live 2023) (preloaded format=pdflatex)
 restricted \write18 enabled.
entering extended mode
LaTeX2e <2023-11-01>
L3 programming layer <2024-01-04>
(./Rd2.tex
(/Users/achazhardenberg/Library/TinyTeX/texmf-dist/tex/latex/base/book.cls
Document Class: book 2023/05/17 v1.4n Standard LaTeX document class
(/Users/achazhardenberg/Library/TinyTeX/texmf-dist/tex/latex/base/bk10.clo)) (/Library/Frameworks/R.framework/Resources/share/texmf/tex/latex/Rd.sty (/Users/achazhardenberg/Library/TinyTeX/texmf-dist/tex/latex/base/ifthen.sty) (/Users/achazhardenberg/Library/TinyTeX/texmf-dist/tex/generic/iftex/iftex.sty) (/Users/achazhardenberg/Library/TinyTeX/texmf-dist/tex/latex/tools/longtable.sty) (/Users/achazhardenberg/Library/TinyTeX/texmf-dist/tex/latex/tools/bm.sty) (/Users/achazhardenberg/Library/TinyTeX/texmf-dist/tex/latex/base/alltt.sty) (/Users/achazhardenberg/Library/TinyTeX/texmf-dist/tex/latex/tools/verbatim.sty) (/Users/achazhardenberg/Library/TinyTeX/texmf-dist/tex/latex/url/url.sty) (/Users/achazhardenberg/Library/TinyTeX/texmf-dist/tex/latex/base/textcomp.sty) (/Users/achazhardenberg/Library/TinyTeX/texmf-dist/tex/latex/amsmath/amsmath.sty
For additional information on amsmath, use the `?' option.
(/Users/achazhardenberg/Library/TinyTeX/texmf-dist/tex/latex/amsmath/amstext.sty (/Users/achazhardenberg/Library/TinyTeX/texmf-dist/tex/latex/amsmath/amsgen.sty)) (/Users/achazhardenberg/Library/TinyTeX/texmf-dist/tex/latex/amsmath/amsbsy.sty) (/Users/achazhardenberg/Library/TinyTeX/texmf-dist/tex/latex/amsmath/amsopn.sty)) (/Users/achazhardenberg/Library/TinyTeX/texmf-dist/tex/latex/amsfonts/amsfonts.sty) (/Users/achazhardenberg/Library/TinyTeX/texmf-dist/tex/latex/amsfonts/amssymb.sty) (/Users/achazhardenberg/Library/TinyTeX/texmf-dist/tex/latex/amsfonts/eucal.sty) (/Users/achazhardenberg/Library/TinyTeX/texmf-dist/tex/latex/base/fontenc.sty) (/Users/achazhardenberg/Library/TinyTeX/texmf-dist/tex/latex/psnfss/times.sty) (/Users/achazhardenberg/Library/TinyTeX/texmf-dist/tex/latex/inconsolata/zi4.sty `inconsolata-zi4' v1.12, 2019/05/17 Text macros for Inconsolata (msharpe) (/Users/achazhardenberg/Library/TinyTeX/texmf-dist/tex/latex/xkeyval/xkeyval.sty (/Users/achazhardenberg/Library/TinyTeX/texmf-dist/tex/generic/xkeyval/xkeyval.tex (/Users/achazhardenberg/Library/TinyTeX/texmf-dist/tex/generic/xkeyval/xkvutils.tex (/Users/achazhardenberg/Library/TinyTeX/texmf-dist/tex/generic/xkeyval/keyval.tex))))) (/Users/achazhardenberg/Library/TinyTeX/texmf-dist/tex/latex/graphics/color.sty (/Users/achazhardenberg/Library/TinyTeX/texmf-dist/tex/latex/graphics-cfg/color.cfg) (/Users/achazhardenberg/Library/TinyTeX/texmf-dist/tex/latex/graphics-def/pdftex.def) (/Users/achazhardenberg/Library/TinyTeX/texmf-dist/tex/latex/graphics/mathcolor.ltx)) (/Users/achazhardenberg/Library/TinyTeX/texmf-dist/tex/latex/hyperref/hyperref.sty (/Users/achazhardenberg/Library/TinyTeX/texmf-dist/tex/generic/infwarerr/infwarerr.sty) (/Users/achazhardenberg/Library/TinyTeX/texmf-dist/tex/latex/kvsetkeys/kvsetkeys.sty) (/Users/achazhardenberg/Library/TinyTeX/texmf-dist/tex/generic/kvdefinekeys/kvdefinekeys.sty) (/Users/achazhardenberg/Library/TinyTeX/texmf-dist/tex/generic/pdfescape/pdfescape.sty (/Users/achazhardenberg/Library/TinyTeX/texmf-dist/tex/generic/ltxcmds/ltxcmds.sty) (/Users/achazhardenberg/Library/TinyTeX/texmf-dist/tex/generic/pdftexcmds/pdftexcmds.sty)) (/Users/achazhardenberg/Library/TinyTeX/texmf-dist/tex/latex/hycolor/hycolor.sty) (/Users/achazhardenberg/Library/TinyTeX/texmf-dist/tex/latex/letltxmacro/letltxmacro.sty) (/Users/achazhardenberg/Library/TinyTeX/texmf-dist/tex/latex/auxhook/auxhook.sty) (/Users/achazhardenberg/Library/TinyTeX/texmf-dist/tex/latex/hyperref/nameref.sty (/Users/achazhardenberg/Library/TinyTeX/texmf-dist/tex/latex/refcount/refcount.sty) (/Users/achazhardenberg/Library/TinyTeX/texmf-dist/tex/generic/gettitlestring/gettitlestring.sty (/Users/achazhardenberg/Library/TinyTeX/texmf-dist/tex/latex/kvoptions/kvoptions.sty))) (/Users/achazhardenberg/Library/TinyTeX/texmf-dist/tex/latex/etoolbox/etoolbox.sty) (/Users/achazhardenberg/Library/TinyTeX/texmf-dist/tex/latex/hyperref/pd1enc.def) (/Users/achazhardenberg/Library/TinyTeX/texmf-dist/tex/generic/intcalc/intcalc.sty) (/Users/achazhardenberg/Library/TinyTeX/texmf-dist/tex/latex/hyperref/puenc.def) (/Users/achazhardenberg/Library/TinyTeX/texmf-dist/tex/generic/bitset/bitset.sty (/Users/achazhardenberg/Library/TinyTeX/texmf-dist/tex/generic/bigintcalc/bigintcalc.sty)) (/Users/achazhardenberg/Library/TinyTeX/texmf-dist/tex/latex/base/atbegshi-ltx.sty)) (/Users/achazhardenberg/Library/TinyTeX/texmf-dist/tex/latex/hyperref/hpdftex.def (/Users/achazhardenberg/Library/TinyTeX/texmf-dist/tex/latex/base/atveryend-ltx.sty) (/Users/achazhardenberg/Library/TinyTeX/texmf-dist/tex/latex/rerunfilecheck/rerunfilecheck.sty (/Users/achazhardenberg/Library/TinyTeX/texmf-dist/tex/generic/uniquecounter/uniquecounter.sty)))) (/Users/achazhardenberg/Library/TinyTeX/texmf-dist/tex/latex/base/makeidx.sty)
Writing index file Rd2.idx
(/Users/achazhardenberg/Library/TinyTeX/texmf-dist/tex/latex/psnfss/t1ptm.fd) (/Users/achazhardenberg/Library/TinyTeX/texmf-dist/tex/latex/l3backend/l3backend-pdftex.def) (/private/var/folders/03/4zxc9frn11n7g8tr_95jg0p00000gn/T/RtmprtNd6i/Rd2pdfe34f3c21543e/Rd2.aux) (/private/var/folders/03/4zxc9frn11n7g8tr_95jg0p00000gn/T/RtmprtNd6i/Rd2pdfe34f3c21543e/Rd2.out) (/private/var/folders/03/4zxc9frn11n7g8tr_95jg0p00000gn/T/RtmprtNd6i/Rd2pdfe34f3c21543e/Rd2.out) (/Users/achazhardenberg/Library/TinyTeX/texmf-dist/tex/latex/inconsolata/t1zi4.fd) (/private/var/folders/03/4zxc9frn11n7g8tr_95jg0p00000gn/T/RtmprtNd6i/Rd2pdfe34f3c21543e/Rd2.toc (/Users/achazhardenberg/Library/TinyTeX/texmf-dist/tex/latex/amsfonts/umsa.fd) (/Users/achazhardenberg/Library/TinyTeX/texmf-dist/tex/latex/amsfonts/umsb.fd) [1{/Users/achazhardenberg/Library/TinyTeX/texmf-var/fonts/map/pdftex/updmap/pdftex.map}{/Users/achazhardenberg/Library/TinyTeX/texmf-dist/fonts/enc/dvips/base/8r.enc}{/Users/achazhardenberg/Library/TinyTeX/texmf-dist/fonts/enc/dvips/inconsolata/i4-t1-0.enc}]) [2]
Overfull \hbox (0.15784pt too wide) in paragraph at lines 127--129
[]\T1/ptm/m/n/10 For com-par-ing fit-ted mod-els: in-di-vid-ual fit-ted model ob-jects of class []\T1/zi4/m/n/10 "phybase"[]\T1/ptm/m/n/10 .

Overfull \hbox (3.70885pt too wide) in paragraph at lines 127--129
\T1/ptm/m/n/10 For run-ning mod-els: ad-di-tional ar-gu-ments passed to [][][]\T1/zi4/m/n/10 phybase_run[][][] []\T1/ptm/m/n/10 (e.g., []\T1/zi4/m/n/10 n.iter[]\T1/ptm/m/n/10 ). 
[3]
Overfull \hbox (17.6195pt too wide) in paragraph at lines 146--149
[]\T1/ptm/b/n/10 Mode 1: Com-pare Fit-ted Mod-els \T1/ptm/m/n/10 Call []\T1/zi4/m/n/10 phybase_compare(fit1, fit2) []\T1/ptm/m/n/10 or []\T1/zi4/m/n/10 phybase_compare(models
[4] (/Users/achazhardenberg/Library/TinyTeX/texmf-dist/tex/latex/psnfss/ts1ptm.fd)
Overfull \hbox (4.66795pt too wide) in paragraph at lines 263--265
[]\T1/ptm/m/n/10 Converts data from long for-mat (one row per ob-ser-va-tion) to the list for-mat re-quired by [][][]\T1/zi4/m/n/10 phybase_run[][][][]\T1/ptm/m/n/10 . 
[5] [6] [7] [8] [9] [10] [11]
Overfull \hbox (0.12811pt too wide) in paragraph at lines 618--619
[]\T1/zi4/m/n/10 "multiPhylo" []\T1/ptm/m/n/10 ob-ject: List of trees (in-cor-po-rates phy-lo-ge-netic un-cer-tainty). 

Overfull \hbox (3.9697pt too wide) in paragraph at lines 671--672
[]\T1/ptm/m/n/10 Custom columns: []\T1/zi4/m/n/10 list(X = list(type = "se", se_col = "X_SD")) []\T1/ptm/m/n/10 - spec-
[12] [13]
Overfull \hbox (13.99997pt too wide) in paragraph at lines 788--790
[]\T1/ptm/b/n/10 lpd \T1/ptm/m/n/10 (log point-wise pre-dic-tive den-sity): For each ob-ser-va-tion $\OML/cmm/m/it/10 i$\T1/ptm/m/n/10 , com-pute $[]\OT1/cmr/m/n/10 ([]([]([][])))$
[14] [15] [16] (/Users/achazhardenberg/Library/TinyTeX/texmf-dist/tex/latex/inconsolata/ts1zi4.fd) (/private/var/folders/03/4zxc9frn11n7g8tr_95jg0p00000gn/T/RtmprtNd6i/Rd2pdfe34f3c21543e/Rd2.ind [17{/Users/achazhardenberg/Library/TinyTeX/texmf-dist/fonts/enc/dvips/inconsolata/i4-ts1.enc}] [18]) (/private/var/folders/03/4zxc9frn11n7g8tr_95jg0p00000gn/T/RtmprtNd6i/Rd2pdfe34f3c21543e/Rd2.aux) )
(see the transcript file for additional information)
pdfTeX warning (dest): name{Rfn.summary.mcmc} has been referenced but does not exist, replaced by a fixed one

</Users/achazhardenberg/Library/TinyTeX/texmf-dist/fonts/type1/public/inconsolata/Inconsolata-zi4r.pfb></Users/achazhardenberg/Library/TinyTeX/texmf-dist/fonts/type1/public/amsfonts/cm/cmex10.pfb></Users/achazhardenberg/Library/TinyTeX/texmf-dist/fonts/type1/public/amsfonts/cm/cmmi10.pfb></Users/achazhardenberg/Library/TinyTeX/texmf-dist/fonts/type1/public/amsfonts/cm/cmmi7.pfb></Users/achazhardenberg/Library/TinyTeX/texmf-dist/fonts/type1/public/amsfonts/cm/cmr10.pfb></Users/achazhardenberg/Library/TinyTeX/texmf-dist/fonts/type1/public/amsfonts/cm/cmr7.pfb></Users/achazhardenberg/Library/TinyTeX/texmf-dist/fonts/type1/public/amsfonts/cm/cmsy10.pfb></Users/achazhardenberg/Library/TinyTeX/texmf-dist/fonts/type1/urw/times/utmb8a.pfb></Users/achazhardenberg/Library/TinyTeX/texmf-dist/fonts/type1/urw/times/utmr8a.pfb></Users/achazhardenberg/Library/TinyTeX/texmf-dist/fonts/type1/urw/times/utmr8a.pfb></Users/achazhardenberg/Library/TinyTeX/texmf-dist/fonts/type1/urw/times/utmri8a.pfb>
Output written on Rd2.pdf (18 pages, 179664 bytes).
Transcript written on Rd2.log.
Saving output to ‘phybaseR-manual.pdf’ ...
Done
You may want to clean up by 'rm -Rf /var/folders/03/4zxc9frn11n7g8tr_95jg0p00000gn/T//RtmprtNd6i/Rd2pdfe34f3c21543e'
